<?xml version="1.0" encoding="UTF-8"?>
<!-- Generated by org.testng.reporters.JUnitXMLReporter -->
<testsuite ignored="0" hostname="DESKTOP-91071EB" failures="0" tests="3" name="Test" time="99.04" errors="0" timestamp="23 Dec 2022 17:27:32 GMT">
  <testcase classname="com.zysk.addresshealth.tests.CreateCovidComplaintTest" name="createComplaint" time="21.155"/>
  <testcase classname="com.zysk.addresshealth.tests.CreateCovidOtherFieldsTest" name="createComplaint" time="21.964"/>
  <testcase classname="com.zysk.addresshealth.tests.CreateCovidAllFieldsTest" name="createComplaint" time="29.51"/>
</testsuite> <!-- Test -->
